{"contracts/Raffle.sol":{"l":{"48":3,"49":3,"50":3,"51":3,"52":3,"53":3,"54":3,"55":3,"59":10,"60":1,"62":9,"63":1,"65":8,"66":8,"79":10,"80":10,"81":10,"82":10,"83":10,"89":6,"90":6,"91":1,"97":5,"98":5,"105":5,"113":0,"114":0,"115":0,"116":0,"117":0,"118":0,"119":0,"120":0,"122":0,"128":4,"132":0,"136":0,"140":0,"144":1,"148":0,"152":12,"156":12,"160":0},"path":"/home/sunil/folder/hh-fcc/hardhat-lottery-contract-fcc/contracts/Raffle.sol","s":{"1":3,"2":3,"3":3,"4":3,"5":3,"6":3,"7":3,"8":3,"9":10,"10":9,"11":8,"12":8,"13":10,"14":10,"15":10,"16":10,"17":10,"18":6,"19":6,"20":5,"21":5,"22":5,"23":0,"24":0,"25":0,"26":0,"27":0,"28":0,"29":0,"30":0,"31":4,"32":0,"33":0,"34":0,"35":1,"36":0,"37":12,"38":12,"39":0},"b":{"1":[1,9],"2":[1,8],"3":[1,5],"4":[0,0]},"f":{"1":3,"2":10,"3":10,"4":6,"5":0,"6":4,"7":0,"8":0,"9":0,"10":1,"11":0,"12":12,"13":12,"14":0},"fnMap":{"1":{"name":"constructor","line":47,"loc":{"start":{"line":40,"column":4},"end":{"line":56,"column":4}}},"2":{"name":"enterRaffle","line":58,"loc":{"start":{"line":58,"column":4},"end":{"line":67,"column":4}}},"3":{"name":"checkUpkeep","line":69,"loc":{"start":{"line":69,"column":4},"end":{"line":84,"column":4}}},"4":{"name":"performUpkeep","line":86,"loc":{"start":{"line":86,"column":4},"end":{"line":106,"column":4}}},"5":{"name":"fulfillRandomWords","line":108,"loc":{"start":{"line":108,"column":4},"end":{"line":123,"column":4}}},"6":{"name":"getRaffleState","line":127,"loc":{"start":{"line":127,"column":4},"end":{"line":129,"column":4}}},"7":{"name":"getNumWords","line":131,"loc":{"start":{"line":131,"column":4},"end":{"line":133,"column":4}}},"8":{"name":"getRequestConfirmations","line":135,"loc":{"start":{"line":135,"column":4},"end":{"line":137,"column":4}}},"9":{"name":"getRecentWinner","line":139,"loc":{"start":{"line":139,"column":4},"end":{"line":141,"column":4}}},"10":{"name":"getPlayer","line":143,"loc":{"start":{"line":143,"column":4},"end":{"line":145,"column":4}}},"11":{"name":"getLastTimeStamp","line":147,"loc":{"start":{"line":147,"column":4},"end":{"line":149,"column":4}}},"12":{"name":"getInterval","line":151,"loc":{"start":{"line":151,"column":4},"end":{"line":153,"column":4}}},"13":{"name":"getEntranceFee","line":155,"loc":{"start":{"line":155,"column":4},"end":{"line":157,"column":4}}},"14":{"name":"getNumberOfPlayers","line":159,"loc":{"start":{"line":159,"column":4},"end":{"line":161,"column":4}}}},"statementMap":{"1":{"start":{"line":48,"column":8},"end":{"line":48,"column":34}},"2":{"start":{"line":49,"column":8},"end":{"line":49,"column":69}},"3":{"start":{"line":50,"column":8},"end":{"line":50,"column":26}},"4":{"start":{"line":51,"column":8},"end":{"line":51,"column":40}},"5":{"start":{"line":52,"column":8},"end":{"line":52,"column":44}},"6":{"start":{"line":53,"column":8},"end":{"line":53,"column":39}},"7":{"start":{"line":54,"column":8},"end":{"line":54,"column":40}},"8":{"start":{"line":55,"column":8},"end":{"line":55,"column":28}},"9":{"start":{"line":59,"column":8},"end":{"line":59,"column":2043}},"10":{"start":{"line":62,"column":8},"end":{"line":62,"column":2145}},"11":{"start":{"line":65,"column":8},"end":{"line":65,"column":42}},"12":{"start":{"line":66,"column":8},"end":{"line":66,"column":36}},"13":{"start":{"line":79,"column":8},"end":{"line":79,"column":57}},"14":{"start":{"line":80,"column":8},"end":{"line":80,"column":76}},"15":{"start":{"line":81,"column":8},"end":{"line":81,"column":48}},"16":{"start":{"line":82,"column":8},"end":{"line":82,"column":53}},"17":{"start":{"line":83,"column":8},"end":{"line":83,"column":72}},"18":{"start":{"line":89,"column":8},"end":{"line":89,"column":47}},"19":{"start":{"line":90,"column":8},"end":{"line":90,"column":3009}},"20":{"start":{"line":97,"column":8},"end":{"line":97,"column":46}},"21":{"start":{"line":98,"column":8},"end":{"line":98,"column":3269}},"22":{"start":{"line":105,"column":8},"end":{"line":105,"column":45}},"23":{"start":{"line":113,"column":8},"end":{"line":113,"column":65}},"24":{"start":{"line":114,"column":8},"end":{"line":114,"column":63}},"25":{"start":{"line":115,"column":8},"end":{"line":115,"column":36}},"26":{"start":{"line":116,"column":8},"end":{"line":116,"column":39}},"27":{"start":{"line":117,"column":8},"end":{"line":117,"column":43}},"28":{"start":{"line":118,"column":8},"end":{"line":118,"column":78}},"29":{"start":{"line":119,"column":8},"end":{"line":119,"column":4016}},"30":{"start":{"line":122,"column":8},"end":{"line":122,"column":41}},"31":{"start":{"line":128,"column":8},"end":{"line":128,"column":28}},"32":{"start":{"line":132,"column":8},"end":{"line":132,"column":24}},"33":{"start":{"line":136,"column":8},"end":{"line":136,"column":36}},"34":{"start":{"line":140,"column":8},"end":{"line":140,"column":29}},"35":{"start":{"line":144,"column":8},"end":{"line":144,"column":31}},"36":{"start":{"line":148,"column":8},"end":{"line":148,"column":30}},"37":{"start":{"line":152,"column":8},"end":{"line":152,"column":25}},"38":{"start":{"line":156,"column":8},"end":{"line":156,"column":28}},"39":{"start":{"line":160,"column":8},"end":{"line":160,"column":31}}},"branchMap":{"1":{"line":59,"type":"if","locations":[{"start":{"line":59,"column":8},"end":{"line":59,"column":8}},{"start":{"line":59,"column":8},"end":{"line":59,"column":8}}]},"2":{"line":62,"type":"if","locations":[{"start":{"line":62,"column":8},"end":{"line":62,"column":8}},{"start":{"line":62,"column":8},"end":{"line":62,"column":8}}]},"3":{"line":90,"type":"if","locations":[{"start":{"line":90,"column":8},"end":{"line":90,"column":8}},{"start":{"line":90,"column":8},"end":{"line":90,"column":8}}]},"4":{"line":119,"type":"if","locations":[{"start":{"line":119,"column":8},"end":{"line":119,"column":8}},{"start":{"line":119,"column":8},"end":{"line":119,"column":8}}]}}},"contracts/test/VRFCoordinatorV2Mock.sol":{"l":{},"path":"/home/sunil/folder/hh-fcc/hardhat-lottery-contract-fcc/contracts/test/VRFCoordinatorV2Mock.sol","s":{},"b":{},"f":{},"fnMap":{},"statementMap":{},"branchMap":{}}}