TN:
SF:/home/sunil/folder/hh-fcc/hardhat-lottery-contract-fcc/contracts/Raffle.sol
FN:47,constructor
FN:58,enterRaffle
FN:69,checkUpkeep
FN:86,performUpkeep
FN:108,fulfillRandomWords
FN:127,getRaffleState
FN:131,getNumWords
FN:135,getRequestConfirmations
FN:139,getRecentWinner
FN:143,getPlayer
FN:147,getLastTimeStamp
FN:151,getInterval
FN:155,getEntranceFee
FN:159,getNumberOfPlayers
FNF:14
FNH:8
FNDA:3,constructor
FNDA:10,enterRaffle
FNDA:10,checkUpkeep
FNDA:6,performUpkeep
FNDA:0,fulfillRandomWords
FNDA:4,getRaffleState
FNDA:0,getNumWords
FNDA:0,getRequestConfirmations
FNDA:0,getRecentWinner
FNDA:1,getPlayer
FNDA:0,getLastTimeStamp
FNDA:12,getInterval
FNDA:12,getEntranceFee
FNDA:0,getNumberOfPlayers
DA:48,3
DA:49,3
DA:50,3
DA:51,3
DA:52,3
DA:53,3
DA:54,3
DA:55,3
DA:59,10
DA:60,1
DA:62,9
DA:63,1
DA:65,8
DA:66,8
DA:79,10
DA:80,10
DA:81,10
DA:82,10
DA:83,10
DA:89,6
DA:90,6
DA:91,1
DA:97,5
DA:98,5
DA:105,5
DA:113,0
DA:114,0
DA:115,0
DA:116,0
DA:117,0
DA:118,0
DA:119,0
DA:120,0
DA:122,0
DA:128,4
DA:132,0
DA:136,0
DA:140,0
DA:144,1
DA:148,0
DA:152,12
DA:156,12
DA:160,0
LF:43
LH:29
BRDA:59,1,0,1
BRDA:59,1,1,9
BRDA:62,2,0,1
BRDA:62,2,1,8
BRDA:90,3,0,1
BRDA:90,3,1,5
BRDA:119,4,0,0
BRDA:119,4,1,0
BRF:8
BRH:6
end_of_record
TN:
SF:/home/sunil/folder/hh-fcc/hardhat-lottery-contract-fcc/contracts/test/VRFCoordinatorV2Mock.sol
FNF:0
FNH:0
LF:0
LH:0
BRF:0
BRH:0
end_of_record
